SF:lib\dns_lookup\repository\dns_lookup_repository.dart
DA:6,1
DA:7,0
DA:11,1
DA:12,1
DA:13,1
DA:16,2
LF:6
LH:5
end_of_record
SF:lib\constants.dart
DA:66,0
DA:67,0
DA:68,0
DA:69,0
DA:70,0
DA:73,0
DA:74,0
DA:79,0
DA:80,0
DA:82,0
DA:84,0
DA:85,0
DA:88,0
DA:89,0
DA:90,0
DA:91,0
DA:92,0
DA:93,0
DA:94,0
DA:95,0
DA:118,0
DA:119,0
DA:122,0
DA:123,0
DA:170,0
DA:171,0
DA:180,0
DA:181,0
DA:194,0
DA:195,0
DA:208,0
DA:211,0
DA:214,0
DA:215,0
DA:217,0
DA:218,0
DA:224,0
DA:227,0
DA:230,0
DA:235,0
DA:237,0
DA:238,0
DA:244,0
DA:247,0
DA:250,0
DA:255,0
DA:257,0
DA:258,0
DA:268,0
DA:269,0
DA:272,0
DA:273,0
DA:275,0
DA:276,0
DA:285,0
DA:286,0
DA:289,0
DA:290,0
DA:292,0
DA:293,0
DA:302,0
DA:305,0
DA:308,0
DA:309,0
DA:311,0
DA:312,0
LF:66
LH:0
end_of_record
SF:lib\dns_lookup\bloc\dns_lookup_state.dart
DA:4,2
DA:6,1
DA:7,1
DA:15,2
DA:19,1
DA:20,2
LF:6
LH:6
end_of_record
SF:lib\dns_lookup\bloc\dns_lookup_event.dart
DA:4,2
DA:8,2
DA:13,1
DA:14,3
LF:4
LH:4
end_of_record
SF:lib\dns_lookup\bloc\dns_lookup_bloc.dart
DA:16,1
DA:18,2
DA:19,2
DA:24,1
DA:28,2
DA:32,5
DA:34,2
DA:35,1
DA:36,2
LF:9
LH:9
end_of_record
SF:lib\dns_lookup\models\dns_lookup_response.dart
DA:13,4
DA:20,1
DA:21,1
DA:23,2
DA:37,2
DA:38,10
LF:6
LH:6
end_of_record
SF:lib\dns_lookup\models\dns_lookup_response.g.dart
DA:9,1
DA:10,1
DA:11,1
DA:12,1
DA:13,3
DA:14,1
DA:15,1
DA:16,3
DA:17,1
DA:18,1
DA:21,1
DA:22,1
DA:23,1
DA:24,5
DA:25,5
DA:26,1
LF:16
LH:16
end_of_record
SF:lib\dns_lookup\data_provider\dns_lookup_api.dart
DA:12,1
DA:17,1
DA:21,2
DA:25,3
DA:27,2
DA:29,1
DA:32,2
DA:33,1
DA:39,2
DA:41,2
DA:43,1
DA:49,3
DA:50,1
DA:53,1
LF:14
LH:14
end_of_record
SF:lib\dns_lookup\models\dns_question.dart
DA:9,4
DA:11,1
DA:12,1
DA:14,2
DA:19,2
DA:20,6
LF:6
LH:6
end_of_record
SF:lib\dns_lookup\models\dns_question.g.dart
DA:9,2
DA:10,1
DA:11,1
DA:14,1
DA:15,1
DA:16,1
DA:17,1
LF:7
LH:7
end_of_record
SF:lib\dns_lookup\models\dns_record.dart
DA:9,4
DA:11,1
DA:12,1
DA:14,2
DA:22,2
DA:23,10
LF:6
LH:6
end_of_record
SF:lib\dns_lookup\models\dns_record.g.dart
DA:9,2
DA:10,1
DA:11,1
DA:12,1
DA:13,1
DA:16,2
DA:17,1
DA:18,1
DA:19,1
DA:20,1
LF:10
LH:10
end_of_record
SF:lib\dns_lookup\utils\name_to_rr_code.dart
DA:4,0
DA:6,0
DA:8,0
DA:10,0
DA:12,0
DA:14,0
DA:16,0
DA:18,0
DA:20,0
DA:22,0
DA:24,0
DA:26,0
DA:28,0
DA:30,0
DA:32,0
DA:34,0
DA:36,0
DA:38,0
DA:40,0
DA:42,0
DA:44,0
DA:46,0
DA:48,0
DA:50,0
DA:52,0
DA:54,0
DA:56,0
DA:58,0
DA:60,0
DA:62,0
DA:64,0
DA:66,0
DA:68,0
DA:70,0
DA:72,0
DA:74,0
DA:76,0
DA:78,0
DA:80,0
DA:82,0
DA:84,0
DA:86,0
DA:88,0
DA:90,0
DA:92,0
DA:94,0
DA:95,0
LF:47
LH:0
end_of_record
SF:lib\dns_lookup\utils\rr_code_name.dart
DA:3,4
LF:1
LH:1
end_of_record
SF:lib\dns_lookup\utils\r_code_to_string.dart
DA:1,0
DA:3,0
DA:5,0
DA:7,0
DA:9,0
DA:11,0
DA:13,0
DA:15,0
DA:17,0
DA:19,0
DA:21,0
DA:23,0
DA:25,0
DA:27,0
DA:29,0
DA:31,0
DA:33,0
DA:37,0
LF:18
LH:0
end_of_record
SF:lib\dns_lookup\utils\rr_code_to_name.dart
DA:4,0
DA:6,0
DA:8,0
DA:10,0
DA:12,0
DA:14,0
DA:16,0
DA:18,0
DA:20,0
DA:22,0
DA:24,0
DA:26,0
DA:28,0
DA:30,0
DA:32,0
DA:34,0
DA:36,0
DA:38,0
DA:40,0
DA:42,0
DA:44,0
DA:46,0
DA:48,0
DA:50,0
DA:52,0
DA:54,0
DA:56,0
DA:58,0
DA:60,0
DA:62,0
DA:64,0
DA:66,0
DA:68,0
DA:70,0
DA:72,0
DA:74,0
DA:76,0
DA:78,0
DA:80,0
DA:82,0
DA:84,0
DA:86,0
DA:88,0
DA:90,0
DA:92,0
LF:45
LH:0
end_of_record
SF:lib\dns_lookup\views\dns_lookup_view.dart
DA:17,4
DA:19,0
DA:20,0
DA:25,0
DA:32,0
DA:34,0
DA:36,0
DA:39,0
DA:41,0
DA:42,0
DA:43,0
DA:47,0
DA:48,0
DA:49,0
DA:51,0
DA:52,0
DA:53,0
DA:54,0
DA:55,0
DA:56,0
DA:58,0
DA:60,0
DA:68,0
DA:72,0
DA:73,0
DA:75,0
DA:77,0
DA:78,0
DA:80,0
DA:81,0
DA:85,0
DA:89,0
DA:90,0
DA:92,0
DA:94,0
DA:95,0
DA:96,0
DA:98,0
DA:99,0
DA:101,0
DA:103,0
DA:105,0
DA:106,0
DA:107,0
DA:108,0
DA:113,0
DA:115,0
DA:116,0
DA:117,0
DA:118,0
DA:121,0
DA:122,0
DA:123,0
DA:127,0
DA:128,0
DA:129,0
DA:139,0
DA:140,0
DA:141,0
DA:145,0
DA:151,0
DA:152,0
DA:153,0
DA:154,0
DA:156,0
DA:158,0
DA:159,0
DA:161,0
DA:162,0
DA:163,0
DA:164,0
DA:165,0
DA:170,0
DA:182,0
DA:183,0
DA:184,0
DA:186,0
DA:189,0
DA:191,0
DA:192,0
DA:193,0
DA:195,0
DA:198,0
DA:199,0
DA:200,0
DA:202,0
DA:204,0
DA:207,0
DA:208,0
DA:211,0
DA:212,0
DA:213,0
DA:215,0
LF:93
LH:1
end_of_record
SF:lib\dns_lookup\widgets\dns_record_card.dart
DA:11,0
DA:18,0
DA:20,0
DA:21,0
DA:23,0
DA:25,0
DA:26,0
DA:27,0
DA:28,0
DA:29,0
DA:30,0
DA:31,0
DA:38,0
DA:39,0
DA:40,0
DA:46,0
DA:48,0
DA:49,0
DA:50,0
DA:54,0
DA:56,0
DA:57,0
DA:58,0
LF:23
LH:0
end_of_record
SF:lib\theme\themes.dart
DA:15,0
DA:17,0
DA:21,0
DA:25,0
DA:31,0
DA:34,0
DA:35,0
DA:36,0
DA:46,0
DA:47,0
DA:48,0
DA:78,0
DA:79,0
DA:81,0
DA:84,0
DA:85,0
DA:87,0
DA:96,0
DA:97,0
DA:102,0
DA:105,0
DA:106,0
DA:107,0
DA:114,0
DA:115,0
DA:116,0
DA:120,0
LF:27
LH:0
end_of_record
SF:lib\introduction\introduction_pages.dart
DA:14,0
DA:15,0
DA:17,0
DA:18,0
DA:19,0
DA:20,0
DA:23,0
DA:27,0
DA:38,0
DA:66,0
DA:67,0
DA:68,0
DA:69,0
DA:70,0
DA:72,0
LF:15
LH:0
end_of_record
SF:lib\introduction\ios_onboarding.dart
DA:14,4
DA:18,0
DA:20,0
DA:21,0
DA:22,0
DA:24,0
DA:30,0
DA:31,0
DA:33,0
DA:41,0
DA:44,0
DA:46,0
DA:49,0
DA:52,0
DA:54,0
LF:15
LH:1
end_of_record
SF:lib\introduction\widgets\onboarding_feature.dart
DA:9,4
DA:22,0
DA:24,0
DA:26,0
DA:28,0
DA:29,0
DA:30,0
DA:31,0
DA:35,0
DA:36,0
DA:38,0
DA:39,0
DA:40,0
DA:46,0
DA:47,0
DA:49,0
DA:50,0
LF:17
LH:1
end_of_record
SF:lib\ip_geo\bloc\ip_geo_bloc.dart
DA:16,0
DA:18,0
DA:19,0
DA:24,0
DA:28,0
DA:31,0
DA:33,0
DA:34,0
DA:35,0
LF:9
LH:0
end_of_record
SF:lib\ip_geo\bloc\ip_geo_state.dart
DA:4,0
DA:6,0
DA:7,0
DA:15,0
DA:19,0
DA:20,0
LF:6
LH:0
end_of_record
SF:lib\ip_geo\bloc\ip_geo_event.dart
DA:4,0
DA:6,0
DA:7,0
DA:11,0
DA:15,0
DA:16,0
LF:6
LH:0
end_of_record
SF:lib\ip_geo\models\ip_geo_response.dart
DA:9,0
DA:26,0
DA:27,0
DA:29,0
DA:30,0
DA:47,0
DA:50,0
DA:52,0
DA:53,0
DA:54,0
DA:55,0
DA:56,0
DA:57,0
DA:58,0
DA:59,0
DA:60,0
DA:61,0
DA:62,0
DA:63,0
DA:64,0
DA:65,0
DA:66,0
LF:22
LH:0
end_of_record
SF:lib\ip_geo\models\ip_geo_response.g.dart
DA:9,0
DA:10,0
DA:11,0
DA:12,0
DA:13,0
DA:14,0
DA:15,0
DA:16,0
DA:17,0
DA:18,0
DA:19,0
DA:20,0
DA:21,0
DA:22,0
DA:23,0
DA:24,0
DA:27,0
DA:28,0
DA:29,0
DA:30,0
DA:31,0
DA:32,0
DA:33,0
DA:34,0
DA:35,0
DA:36,0
DA:37,0
DA:38,0
DA:39,0
DA:40,0
DA:41,0
DA:42,0
LF:32
LH:0
end_of_record
SF:lib\ip_geo\repository\ip_geo_repository.dart
DA:6,0
DA:10,0
DA:11,0
DA:12,0
DA:15,0
LF:5
LH:0
end_of_record
SF:lib\ip_geo\data_provider\ip_geo_api.dart
DA:13,0
DA:18,0
DA:19,0
DA:23,0
DA:25,0
DA:27,0
DA:29,0
DA:30,0
DA:36,0
DA:38,0
DA:40,0
DA:43,0
DA:44,0
DA:47,0
LF:14
LH:0
end_of_record
SF:lib\ip_geo\views\ip_geo_view.dart
DA:23,4
DA:25,0
DA:26,0
DA:35,0
DA:40,0
DA:42,0
DA:44,0
DA:47,0
DA:49,0
DA:51,0
DA:52,0
DA:55,0
DA:56,0
DA:59,0
DA:61,0
DA:62,0
DA:63,0
DA:67,0
DA:68,0
DA:69,0
DA:71,0
DA:72,0
DA:73,0
DA:74,0
DA:75,0
DA:76,0
DA:78,0
DA:79,0
DA:87,0
DA:91,0
DA:92,0
DA:94,0
DA:96,0
DA:97,0
DA:99,0
DA:100,0
DA:104,0
DA:108,0
DA:109,0
DA:111,0
DA:112,0
DA:113,0
DA:114,0
DA:115,0
DA:116,0
DA:121,0
DA:122,0
DA:123,0
DA:125,0
DA:126,0
DA:133,0
DA:134,0
DA:136,0
DA:137,0
DA:138,0
DA:139,0
DA:146,0
DA:147,0
DA:148,0
DA:149,0
DA:152,0
DA:153,0
DA:154,0
DA:156,0
DA:157,0
DA:159,0
DA:161,0
DA:163,0
DA:165,0
DA:167,0
DA:169,0
DA:171,0
DA:173,0
DA:175,0
DA:177,0
DA:179,0
DA:181,0
DA:183,0
DA:185,0
DA:187,0
DA:189,0
DA:191,0
DA:193,0
DA:195,0
DA:197,0
DA:199,0
DA:205,0
DA:209,0
DA:222,0
DA:223,0
DA:224,0
DA:226,0
DA:229,0
DA:231,0
DA:234,0
DA:235,0
DA:236,0
DA:237,0
DA:238,0
DA:239,0
DA:240,0
DA:247,0
DA:248,0
DA:249,0
DA:250,0
DA:251,0
DA:253,0
DA:254,0
DA:255,0
DA:259,0
DA:260,0
LF:111
LH:1
end_of_record
SF:lib\lan_scanner\bloc\lan_scanner_state.dart
DA:5,4
DA:9,4
DA:11,0
DA:12,0
DA:16,4
DA:18,0
DA:19,0
DA:23,0
DA:27,0
DA:28,0
DA:32,0
DA:36,0
DA:37,0
DA:41,4
DA:43,0
DA:44,0
DA:48,4
DA:50,0
DA:51,0
LF:19
LH:5
end_of_record
SF:lib\lan_scanner\bloc\lan_scanner_event.dart
DA:7,0
DA:11,0
DA:17,0
DA:23,0
DA:27,0
LF:5
LH:0
end_of_record
SF:lib\lan_scanner\bloc\lan_scanner_bloc.dart
DA:19,0
DA:20,0
DA:21,0
DA:22,0
DA:23,0
DA:24,0
DA:25,0
DA:32,0
DA:36,0
DA:37,0
DA:39,0
DA:41,0
DA:42,0
DA:43,0
DA:44,0
DA:47,0
DA:48,0
DA:49,0
DA:52,0
DA:53,0
DA:55,0
DA:56,0
DA:61,0
DA:64,0
DA:68,0
DA:71,0
DA:75,0
DA:78,0
DA:79,0
DA:81,0
DA:84,0
DA:88,0
LF:32
LH:0
end_of_record
SF:lib\lan_scanner\repository\lan_scanner_repository.dart
DA:9,0
DA:11,0
DA:12,0
DA:13,0
DA:15,0
DA:17,0
DA:21,0
DA:22,0
LF:8
LH:0
end_of_record
SF:lib\lan_scanner\views\lan_scanner_view.dart
DA:16,4
DA:18,0
DA:19,0
DA:28,0
DA:30,0
DA:32,0
DA:33,0
DA:34,0
DA:37,0
DA:39,0
DA:41,0
DA:44,0
DA:46,0
DA:47,0
DA:48,0
DA:52,0
DA:53,0
DA:54,0
DA:57,0
DA:58,0
DA:59,0
DA:61,0
DA:65,0
DA:66,0
DA:68,0
DA:69,0
DA:70,0
DA:71,0
DA:72,0
DA:74,0
DA:77,0
DA:79,0
DA:84,0
DA:88,0
DA:89,0
DA:90,0
DA:91,0
DA:92,0
DA:93,0
DA:94,0
DA:95,0
DA:99,0
DA:100,0
DA:103,0
DA:104,0
DA:107,0
DA:108,0
DA:111,0
DA:112,0
DA:115,0
DA:116,0
DA:117,0
DA:120,0
DA:129,0
DA:134,0
DA:135,0
DA:136,0
DA:137,0
DA:138,0
DA:143,0
DA:144,0
DA:147,0
DA:148,0
DA:149,0
DA:151,0
DA:152,0
LF:66
LH:1
end_of_record
SF:lib\lan_scanner\widgets\host_card.dart
DA:11,0
DA:18,0
DA:20,0
DA:23,0
DA:50,0
DA:51,0
DA:52,0
DA:53,0
DA:54,0
DA:56,0
LF:10
LH:0
end_of_record
SF:lib\models\animated_list_model.dart
DA:14,0
DA:18,0
DA:33,0
DA:35,0
DA:37,0
DA:39,0
DA:41,0
DA:43,0
DA:45,0
DA:47,0
DA:48,0
DA:49,0
DA:53,0
DA:54,0
DA:57,0
DA:59,0
DA:60,0
DA:63,0
DA:65,0
DA:66,0
DA:74,0
DA:79,0
DA:81,0
DA:83,0
DA:84,0
DA:86,0
DA:88,0
DA:89,0
DA:92,0
DA:93,0
DA:94,0
DA:98,0
LF:32
LH:0
end_of_record
SF:lib\network_status\bloc\network_status_event.dart
DA:4,0
LF:1
LH:0
end_of_record
SF:lib\network_status\bloc\network_status_state.dart
DA:4,4
DA:22,0
DA:23,0
DA:25,0
DA:26,0
DA:27,0
DA:28,0
DA:29,0
DA:30,0
DA:31,0
DA:32,0
DA:33,0
DA:36,0
DA:45,0
DA:46,0
DA:47,0
DA:48,0
DA:49,0
DA:50,0
DA:51,0
DA:52,0
DA:57,4
LF:22
LH:2
end_of_record
SF:lib\network_status\bloc\network_status_bloc.dart
DA:19,0
DA:20,0
DA:21,0
DA:26,0
DA:30,0
DA:31,0
DA:37,0
DA:38,0
DA:39,0
DA:40,0
DA:41,0
DA:42,0
DA:49,0
DA:50,0
DA:51,0
DA:58,0
DA:59,0
DA:60,0
DA:61,0
DA:62,0
DA:69,0
DA:70,0
DA:71,0
DA:81,0
DA:85,0
DA:87,0
DA:89,0
DA:90,0
LF:28
LH:0
end_of_record
SF:lib\network_status\data_providers\carrier_data_provider.dart
DA:9,0
DA:10,0
DA:11,0
DA:12,0
DA:13,0
DA:14,0
DA:15,0
DA:16,0
DA:17,0
DA:21,0
DA:22,0
LF:11
LH:0
end_of_record
SF:lib\network_status\data_providers\external_ip_provider.dart
DA:5,0
DA:7,0
DA:8,0
DA:11,0
DA:14,0
LF:5
LH:0
end_of_record
SF:lib\network_status\data_providers\wifi_data_provider.dart
DA:11,0
DA:12,0
DA:13,0
DA:14,0
DA:15,0
DA:16,0
DA:17,0
DA:18,0
DA:19,0
DA:23,0
DA:24,0
LF:11
LH:0
end_of_record
SF:lib\network_status\models\carrier_info_model.dart
DA:5,0
DA:23,0
DA:25,0
DA:26,0
DA:27,0
DA:28,0
DA:29,0
DA:30,0
DA:31,0
DA:32,0
DA:33,0
LF:11
LH:0
end_of_record
SF:lib\network_status\models\ext_ip_model.dart
DA:2,0
DA:11,4
LF:2
LH:1
end_of_record
SF:lib\network_status\models\network_info_model.dart
DA:5,0
DA:15,0
DA:16,0
LF:3
LH:0
end_of_record
SF:lib\network_status\models\wifi_info_model.dart
DA:6,0
DA:28,0
DA:30,0
DA:31,0
DA:32,0
DA:33,0
DA:34,0
DA:35,0
DA:36,0
DA:37,0
DA:38,0
DA:39,0
DA:40,0
LF:13
LH:0
end_of_record
SF:lib\network_status\network_type.dart
DA:1,4
LF:1
LH:1
end_of_record
SF:lib\network_status\repository\network_status_repository.dart
DA:16,0
DA:22,0
DA:23,0
DA:25,0
DA:26,0
DA:28,0
DA:30,0
DA:32,0
DA:37,0
DA:38,0
DA:41,0
DA:42,0
DA:46,0
DA:53,0
DA:56,0
DA:62,0
DA:63,0
DA:64,0
DA:66,0
DA:68,0
DA:70,0
DA:72,0
DA:74,0
DA:76,0
DA:82,0
DA:83,0
DA:86,0
DA:87,0
DA:91,0
DA:98,0
DA:101,0
DA:102,0
LF:32
LH:0
end_of_record
SF:lib\network_status\views\carrier_detail_view.dart
DA:12,4
DA:14,0
DA:16,0
DA:17,0
DA:18,0
DA:22,0
DA:23,0
DA:25,0
DA:29,0
DA:30,0
DA:31,0
DA:36,0
DA:40,0
DA:41,0
DA:43,0
DA:44,0
DA:45,0
DA:46,0
DA:47,0
DA:48,0
DA:50,0
DA:51,0
DA:53,0
DA:67,0
DA:69,0
DA:70,0
DA:73,0
DA:75,0
DA:76,0
DA:79,0
DA:81,0
DA:82,0
DA:85,0
DA:87,0
DA:88,0
DA:91,0
DA:93,0
DA:94,0
DA:97,0
DA:99,0
DA:100,0
DA:103,0
DA:104,0
DA:106,0
DA:108,0
DA:110,0
DA:111,0
DA:116,0
DA:120,0
DA:142,0
DA:143,0
LF:51
LH:1
end_of_record
SF:lib\network_status\views\carrier_status_card.dart
DA:17,4
DA:19,0
DA:21,0
DA:22,0
DA:23,0
DA:24,0
DA:25,0
DA:27,0
DA:28,0
DA:29,0
DA:30,0
DA:31,0
DA:32,0
DA:33,0
DA:35,0
DA:46,0
DA:47,0
DA:48,0
DA:49,0
DA:54,0
DA:55,0
DA:58,0
DA:59,0
DA:60,0
DA:62,0
DA:64,0
DA:70,0
DA:72,0
DA:73,0
DA:75,0
DA:76,0
DA:78,0
DA:80,0
DA:83,0
DA:85,0
DA:94,0
DA:95,0
DA:98,0
DA:99,0
DA:104,0
DA:105,0
DA:106,0
DA:108,0
DA:109,0
DA:110,0
DA:117,0
DA:118,0
DA:119,0
DA:120,0
DA:125,0
DA:126,0
DA:129,0
DA:130,0
DA:131,0
DA:133,0
DA:135,0
DA:141,0
DA:144,0
DA:145,0
LF:59
LH:1
end_of_record
SF:lib\network_status\widgets\adaptive_button.dart
DA:9,0
DA:18,0
DA:23,0
DA:37,0
DA:39,0
DA:40,0
DA:41,0
DA:45,0
DA:46,0
DA:47,0
DA:48,0
DA:49,0
DA:50,0
DA:53,0
DA:54,0
DA:56,0
DA:57,0
DA:58,0
DA:60,0
DA:62,0
DA:63,0
DA:64,0
DA:65,0
DA:66,0
DA:68,0
DA:69,0
DA:70,0
DA:72,0
DA:73,0
DA:74,0
DA:76,0
DA:78,0
DA:79,0
DA:80,0
DA:81,0
DA:82,0
DA:84,0
DA:85,0
DA:87,0
DA:88,0
DA:90,0
DA:91,0
DA:92,0
DA:93,0
DA:96,0
DA:97,0
DA:99,0
DA:100,0
DA:101,0
DA:102,0
DA:107,0
DA:108,0
DA:109,0
DA:110,0
DA:111,0
DA:112,0
DA:113,0
DA:114,0
DA:115,0
DA:117,0
DA:118,0
DA:119,0
DA:120,0
DA:126,4
LF:64
LH:1
end_of_record
SF:lib\shared\list_circular_progress_indicator.dart
DA:5,20
DA:7,0
LF:2
LH:1
end_of_record
SF:lib\network_status\views\wifi_detailed_view.dart
DA:12,4
DA:14,0
DA:16,0
DA:17,0
DA:18,0
DA:22,0
DA:23,0
DA:25,0
DA:29,0
DA:30,0
DA:31,0
DA:36,0
DA:40,0
DA:41,0
DA:43,0
DA:44,0
DA:45,0
DA:46,0
DA:47,0
DA:48,0
DA:50,0
DA:51,0
DA:53,0
DA:54,0
DA:57,0
DA:59,0
DA:60,0
DA:63,0
DA:65,0
DA:66,0
DA:69,0
DA:71,0
DA:72,0
DA:75,0
DA:77,0
DA:78,0
DA:81,0
DA:83,0
DA:84,0
DA:87,0
DA:89,0
DA:90,0
DA:93,0
DA:94,0
DA:96,0
DA:98,0
DA:100,0
DA:101,0
DA:106,0
DA:110,0
DA:132,0
DA:133,0
LF:52
LH:1
end_of_record
SF:lib\network_status\views\wifi_status_card.dart
DA:17,4
DA:19,0
DA:21,0
DA:22,0
DA:23,0
DA:24,0
DA:25,0
DA:27,0
DA:28,0
DA:29,0
DA:30,0
DA:31,0
DA:32,0
DA:33,0
DA:35,0
DA:46,0
DA:47,0
DA:48,0
DA:53,0
DA:54,0
DA:57,0
DA:58,0
DA:59,0
DA:61,0
DA:63,0
DA:69,0
DA:71,0
DA:72,0
DA:74,0
DA:75,0
DA:77,0
DA:79,0
DA:82,0
DA:84,0
DA:93,0
DA:94,0
DA:97,0
DA:98,0
DA:103,0
DA:104,0
DA:105,0
DA:107,0
DA:108,0
DA:110,0
DA:111,0
DA:118,0
DA:119,0
DA:120,0
DA:125,0
DA:126,0
DA:129,0
DA:130,0
DA:131,0
DA:133,0
DA:135,0
DA:141,0
DA:144,0
DA:145,0
LF:58
LH:1
end_of_record
SF:lib\network_status\widgets\connection_status.dart
DA:10,0
DA:19,0
DA:23,0
DA:25,0
DA:27,0
DA:28,0
DA:29,0
DA:30,0
DA:31,0
DA:33,0
DA:35,0
DA:36,0
DA:42,0
DA:50,0
DA:52,0
DA:53,0
DA:57,0
DA:58,0
DA:59,0
DA:60,0
DA:62,0
DA:64,0
DA:65,0
DA:71,0
DA:73,0
DA:75,0
DA:76,0
DA:80,0
DA:81,0
DA:82,0
DA:83,0
DA:85,0
DA:87,0
DA:88,0
DA:94,0
DA:96,0
DA:98,0
DA:99,0
DA:103,0
DA:104,0
DA:105,0
DA:106,0
DA:107,0
DA:118,0
LF:44
LH:0
end_of_record
SF:lib\overview\views\overview_view.dart
DA:23,4
DA:25,0
DA:26,0
DA:36,0
DA:38,0
DA:40,0
DA:42,0
DA:44,0
DA:48,0
DA:49,0
DA:51,0
DA:52,0
DA:55,0
DA:56,0
DA:57,0
DA:58,0
DA:61,0
DA:63,0
DA:66,0
DA:67,0
DA:72,0
DA:74,0
DA:77,0
DA:79,0
DA:81,0
DA:84,0
DA:86,0
DA:87,0
DA:88,0
DA:92,0
DA:93,0
DA:96,0
DA:97,0
DA:99,0
DA:103,0
DA:104,0
DA:105,0
DA:106,0
DA:107,0
DA:108,0
DA:109,0
DA:110,0
DA:111,0
DA:124,0
DA:127,0
DA:134,0
DA:137,0
DA:138,0
DA:142,0
DA:145,0
DA:146,0
DA:150,0
DA:153,0
DA:154,0
DA:155,0
DA:156,0
DA:159,0
DA:162,0
DA:163,0
DA:164,0
DA:165,0
DA:168,0
DA:171,0
DA:172,0
DA:173,0
DA:177,0
DA:180,0
DA:181,0
DA:182,0
DA:184,0
DA:185,0
DA:186,0
DA:191,0
DA:192,0
DA:193,0
DA:196,0
DA:199,0
DA:200,0
DA:203,0
DA:217,0
DA:220,0
DA:221,0
DA:224,0
DA:227,0
DA:228,0
DA:229,0
DA:233,0
DA:235,0
DA:238,0
DA:239,0
DA:240,0
DA:244,0
DA:246,0
DA:249,0
DA:250,0
DA:251,0
DA:255,0
DA:259,0
DA:260,0
DA:261,0
DA:262,0
DA:263,0
DA:265,0
DA:266,0
DA:267,0
DA:282,0
DA:283,0
DA:284,0
DA:287,0
DA:290,0
DA:292,0
DA:293,0
DA:294,0
DA:296,0
DA:301,0
DA:302,0
DA:304,0
DA:305,0
DA:306,0
DA:308,0
DA:309,0
DA:310,0
DA:313,0
DA:314,0
DA:315,0
LF:125
LH:1
end_of_record
SF:lib\permissions\message_type.dart
DA:1,4
LF:1
LH:1
end_of_record
SF:lib\overview\widgets\debug_section.dart
DA:18,4
DA:22,0
DA:24,0
DA:25,0
DA:26,0
DA:27,0
DA:32,0
DA:34,0
DA:35,0
DA:39,0
DA:41,0
DA:42,0
DA:46,0
DA:48,0
DA:49,0
DA:50,0
DA:55,0
DA:57,0
DA:58,0
DA:59,0
DA:64,0
DA:66,0
DA:67,0
DA:68,0
DA:76,0
DA:77,0
DA:80,0
DA:81,0
DA:83,0
DA:84,0
DA:87,0
DA:89,0
DA:90,0
DA:93,0
DA:95,0
DA:96,0
DA:102,0
DA:104,0
DA:105,0
DA:111,0
DA:113,0
DA:114,0
DA:120,0
DA:122,0
DA:123,0
DA:126,0
LF:46
LH:1
end_of_record
SF:lib\utils\helpers.dart
DA:16,0
DA:17,0
DA:19,0
DA:23,0
DA:29,0
DA:31,0
DA:37,0
DA:38,0
DA:39,0
DA:40,0
DA:44,0
DA:48,0
DA:51,0
DA:53,0
DA:57,0
DA:58,0
DA:61,0
DA:63,0
DA:67,0
DA:68,0
DA:71,0
DA:73,0
DA:77,0
DA:78,0
LF:24
LH:0
end_of_record
SF:lib\overview\widgets\premium_bottom_sheet_body.dart
DA:28,4
DA:30,0
DA:31,0
DA:42,0
DA:44,0
DA:46,0
DA:47,0
DA:50,0
DA:52,0
DA:54,0
DA:57,0
DA:59,0
DA:60,0
DA:61,0
DA:66,0
DA:67,0
DA:68,0
DA:70,0
DA:71,0
DA:72,0
DA:73,0
DA:114,0
DA:115,0
DA:116,0
DA:118,0
DA:121,0
DA:122,0
DA:123,0
DA:125,0
DA:135,0
DA:137,0
DA:138,0
DA:139,0
DA:141,0
DA:148,0
DA:149,0
DA:150,0
DA:154,0
DA:155,0
DA:159,0
DA:160,0
DA:161,0
DA:162,0
DA:165,0
DA:168,0
DA:173,0
DA:178,0
DA:183,0
DA:188,0
DA:189,0
DA:190,0
DA:191,0
DA:194,0
DA:195,0
DA:200,0
DA:210,0
DA:211,0
DA:212,0
DA:214,0
DA:215,0
DA:216,0
DA:218,0
DA:219,0
DA:222,0
DA:224,0
DA:227,0
DA:228,0
DA:235,0
DA:237,0
DA:238,0
DA:240,0
DA:241,0
DA:243,0
DA:244,0
DA:248,0
DA:251,0
DA:255,0
DA:256,0
DA:259,0
DA:260,0
DA:264,0
DA:267,0
DA:269,0
DA:271,0
DA:272,0
DA:275,0
DA:277,0
DA:280,0
DA:281,0
DA:283,0
DA:289,0
DA:290,0
DA:294,0
DA:297,0
DA:298,0
DA:304,0
DA:305,0
DA:306,0
DA:308,0
DA:311,0
DA:313,0
DA:314,0
DA:319,0
DA:320,0
DA:321,0
DA:325,0
DA:326,0
DA:327,0
DA:333,4
DA:344,0
DA:346,0
DA:347,0
DA:353,0
DA:354,0
DA:357,0
DA:358,0
DA:359,0
DA:360,0
DA:363,0
DA:364,0
DA:366,0
DA:367,0
DA:368,0
DA:369,0
DA:371,0
DA:372,0
DA:373,0
DA:387,0
DA:389,0
LF:129
LH:2
end_of_record
SF:lib\overview\widgets\tool_card.dart
DA:11,0
DA:24,0
DA:26,0
DA:27,0
DA:28,0
DA:29,0
DA:30,0
DA:31,0
DA:32,0
DA:33,0
DA:35,0
DA:39,0
DA:42,0
DA:43,0
DA:44,0
DA:45,0
DA:46,0
DA:51,0
DA:52,0
DA:59,0
LF:20
LH:0
end_of_record
SF:lib\package_info\cubit\package_info_state.dart
DA:4,0
DA:6,0
DA:7,0
DA:15,0
LF:4
LH:0
end_of_record
SF:lib\package_info\cubit\package_info_cubit.dart
DA:9,0
DA:11,0
DA:12,0
DA:14,0
DA:16,0
LF:5
LH:0
end_of_record
SF:lib\package_info\views\package_info_view.dart
DA:13,4
DA:15,0
DA:17,0
DA:18,0
DA:19,0
DA:23,0
DA:24,0
DA:25,0
DA:26,0
DA:29,0
DA:30,0
DA:32,0
DA:34,0
DA:36,0
DA:41,0
DA:42,0
DA:46,0
DA:47,0
DA:49,0
DA:51,0
DA:53,0
LF:21
LH:1
end_of_record
SF:lib\permissions\bloc\permissions_state.dart
DA:4,4
DA:14,0
DA:15,0
DA:17,0
DA:22,0
DA:23,0
DA:24,0
DA:25,0
LF:8
LH:1
end_of_record
SF:lib\permissions\bloc\permissions_event.dart
DA:4,4
DA:6,0
DA:7,0
DA:11,4
DA:15,4
DA:17,0
DA:18,0
DA:22,4
DA:24,0
DA:25,0
LF:10
LH:4
end_of_record
SF:lib\permissions\bloc\permissions_bloc.dart
DA:13,0
DA:14,0
DA:15,0
DA:16,0
DA:19,0
DA:26,0
DA:27,0
DA:29,0
DA:30,0
DA:37,0
DA:43,0
DA:45,0
DA:46,0
DA:53,0
DA:59,0
DA:61,0
DA:62,0
LF:17
LH:0
end_of_record
SF:lib\permissions\views\permissions_view.dart
DA:19,8
DA:21,0
DA:22,0
DA:26,0
DA:28,0
DA:30,0
DA:31,0
DA:32,0
DA:35,0
DA:37,0
DA:40,0
DA:41,0
DA:42,0
DA:43,0
DA:44,0
DA:45,0
DA:49,0
DA:51,0
DA:56,0
DA:64,0
DA:65,0
DA:67,0
DA:68,0
DA:69,0
DA:71,0
DA:73,0
DA:74,0
DA:77,0
DA:78,0
DA:83,0
DA:84,0
DA:85,0
DA:86,0
DA:91,0
DA:92,0
DA:94,0
DA:95,0
DA:99,0
DA:100,0
DA:101,0
DA:106,0
DA:107,0
DA:109,0
DA:110,0
LF:44
LH:1
end_of_record
SF:lib\permissions\widgets\permission_card.dart
DA:16,0
DA:33,0
DA:35,0
DA:36,0
DA:37,0
DA:41,0
DA:42,0
DA:44,0
DA:46,0
DA:47,0
DA:48,0
DA:49,0
DA:50,0
DA:51,0
DA:54,0
DA:56,0
DA:58,0
DA:59,0
DA:60,0
DA:66,0
DA:67,0
DA:69,0
DA:70,0
DA:75,0
DA:76,0
DA:85,0
DA:86,0
DA:96,0
DA:98,0
DA:99,0
DA:100,0
DA:112,0
DA:113,0
DA:114,0
DA:115,0
DA:116,0
DA:117,0
DA:118,0
DA:119,0
DA:120,0
DA:121,0
DA:122,0
DA:123,0
DA:128,0
DA:129,0
DA:134,0
DA:135,0
DA:137,0
DA:139,0
DA:140,0
DA:142,0
DA:144,0
DA:145,0
LF:53
LH:0
end_of_record
SF:lib\permissions\widgets\usage_desc.dart
DA:8,4
DA:10,0
DA:12,0
DA:14,0
DA:16,0
LF:5
LH:1
end_of_record
SF:lib\ping\bloc\ping_event.dart
DA:7,0
DA:13,0
DA:19,0
LF:3
LH:0
end_of_record
SF:lib\ping\bloc\ping_state.dart
DA:9,0
LF:1
LH:0
end_of_record
SF:lib\ping\bloc\ping_bloc.dart
DA:19,0
DA:20,0
DA:21,0
DA:22,0
DA:28,0
DA:30,0
DA:32,0
DA:35,0
DA:36,0
DA:37,0
DA:39,0
DA:40,0
DA:44,0
DA:45,0
DA:48,0
DA:49,0
DA:51,0
LF:17
LH:0
end_of_record
SF:lib\ping\repository\ping_repository.dart
DA:11,0
DA:16,0
DA:17,0
DA:19,0
DA:23,0
DA:24,0
DA:27,0
DA:28,0
DA:31,0
DA:32,0
DA:33,0
DA:35,0
DA:37,0
DA:39,0
LF:14
LH:0
end_of_record
SF:lib\ping\views\ping_view.dart
DA:17,4
DA:19,0
DA:20,0
DA:30,0
DA:37,0
DA:39,0
DA:41,0
DA:42,0
DA:43,0
DA:47,0
DA:50,0
DA:51,0
DA:52,0
DA:54,0
DA:56,0
DA:57,0
DA:58,0
DA:64,0
DA:66,0
DA:68,0
DA:71,0
DA:75,0
DA:76,0
DA:78,0
DA:79,0
DA:80,0
DA:84,0
DA:85,0
DA:86,0
DA:89,0
DA:90,0
DA:91,0
DA:93,0
DA:94,0
DA:95,0
DA:97,0
DA:98,0
DA:109,0
DA:110,0
DA:112,0
DA:113,0
DA:114,0
DA:115,0
DA:117,0
DA:118,0
DA:120,0
DA:121,0
DA:125,0
DA:127,0
DA:128,0
DA:130,0
DA:131,0
DA:132,0
DA:134,0
DA:140,0
DA:144,0
DA:145,0
DA:146,0
DA:148,0
DA:149,0
DA:150,0
DA:152,0
DA:153,0
DA:154,0
DA:155,0
DA:156,0
DA:157,0
DA:158,0
DA:160,0
DA:161,0
DA:162,0
DA:163,0
DA:171,0
DA:172,0
DA:173,0
DA:174,0
DA:175,0
DA:176,0
DA:177,0
DA:180,0
DA:182,0
DA:183,0
DA:196,0
DA:197,0
DA:200,0
DA:201,0
DA:202,0
DA:205,0
DA:213,0
DA:218,0
DA:219,0
DA:220,0
DA:221,0
DA:222,0
DA:223,0
DA:225,0
DA:227,0
DA:228,0
DA:234,0
DA:235,0
DA:237,0
DA:238,0
DA:241,0
DA:243,0
DA:245,0
DA:246,0
DA:248,0
DA:249,0
DA:252,0
DA:253,0
DA:255,0
DA:257,0
DA:258,0
DA:262,0
DA:263,0
DA:264,0
DA:266,0
DA:267,0
DA:268,0
DA:269,0
DA:276,0
DA:277,0
DA:278,0
DA:280,0
LF:124
LH:1
end_of_record
SF:lib\ping\widgets\clear_list_button.dart
DA:9,4
DA:16,0
DA:18,0
DA:19,0
DA:20,0
DA:24,0
DA:25,0
DA:27,0
DA:32,0
DA:33,0
DA:35,0
DA:36,0
LF:12
LH:1
end_of_record
SF:lib\ping\widgets\ping_card.dart
DA:16,0
DA:29,0
DA:31,0
DA:33,0
DA:35,0
DA:37,0
DA:38,0
DA:42,0
DA:46,0
DA:47,0
DA:48,0
DA:50,0
DA:53,0
DA:54,0
DA:56,0
DA:57,0
DA:58,0
DA:59,0
DA:61,0
DA:65,0
DA:67,0
DA:69,0
DA:75,0
DA:77,0
DA:78,0
DA:79,0
DA:80,0
DA:82,0
DA:86,0
DA:87,0
DA:88,0
DA:90,0
DA:96,0
DA:97,0
DA:98,0
DA:99,0
DA:101,0
DA:103,0
DA:106,0
DA:107,0
DA:108,0
DA:109,0
DA:113,0
DA:116,0
DA:119,0
LF:45
LH:0
end_of_record
SF:lib\settings\views\settings_view.dart
DA:29,4
DA:31,0
DA:32,0
DA:40,0
DA:42,0
DA:44,0
DA:45,0
DA:46,0
DA:49,0
DA:51,0
DA:52,0
DA:53,0
DA:57,0
DA:58,0
DA:61,0
DA:62,0
DA:64,0
DA:68,0
DA:69,0
DA:70,0
DA:71,0
DA:72,0
DA:73,0
DA:74,0
DA:77,0
DA:81,0
DA:84,0
DA:88,0
DA:91,0
DA:95,0
DA:98,0
DA:102,0
DA:108,0
DA:109,0
DA:110,0
DA:111,0
DA:120,0
DA:122,0
DA:123,0
DA:127,0
DA:130,0
DA:132,0
DA:136,0
DA:137,0
DA:139,0
DA:143,0
DA:151,0
DA:152,0
DA:153,0
DA:154,0
DA:161,0
DA:166,0
DA:167,0
DA:168,0
DA:175,0
DA:186,0
DA:187,0
DA:190,0
DA:191,0
DA:192,0
DA:196,0
DA:197,0
DA:198,0
DA:202,0
DA:205,0
DA:207,0
DA:210,0
DA:213,0
DA:214,0
DA:217,0
DA:218,0
DA:219,0
DA:220,0
DA:223,0
DA:224,0
DA:226,0
LF:76
LH:1
end_of_record
SF:lib\settings\widgets\android_theme_switcher.dart
DA:13,4
DA:15,0
DA:16,0
DA:20,0
DA:22,0
DA:24,0
DA:25,0
DA:27,0
DA:29,0
DA:30,0
DA:31,0
DA:36,0
DA:37,0
DA:38,0
DA:39,0
DA:42,0
DA:46,0
DA:47,0
DA:48,0
DA:50,0
DA:52,0
DA:55,0
DA:56,0
DA:57,0
DA:58,0
LF:25
LH:1
end_of_record
SF:lib\settings\widgets\ios_theme_switcher.dart
DA:12,4
DA:14,0
DA:15,0
DA:21,0
DA:23,0
DA:25,0
DA:28,0
DA:30,0
DA:31,0
DA:32,0
DA:34,0
DA:35,0
DA:38,0
DA:39,0
LF:14
LH:1
end_of_record
SF:lib\shared\action_app_bar.dart
DA:6,0
DA:19,0
DA:22,0
DA:23,0
DA:34,0
DA:36,0
DA:38,0
DA:44,0
DA:46,0
DA:48,0
DA:51,0
DA:52,0
DA:53,0
DA:57,0
DA:59,0
DA:60,0
DA:61,0
DA:62,0
DA:63,0
DA:64,0
DA:66,0
DA:67,0
DA:68,0
DA:69,0
DA:70,0
DA:72,0
DA:75,0
DA:77,0
DA:78,0
DA:80,0
DA:81,0
DA:83,0
DA:85,0
DA:96,0
DA:97,0
DA:99,0
DA:100,0
LF:37
LH:0
end_of_record
SF:lib\shared\cards\action_card.dart
DA:14,0
DA:31,0
DA:33,0
DA:34,0
DA:35,0
DA:37,0
DA:38,0
DA:39,0
DA:40,0
DA:42,0
DA:44,0
DA:46,0
DA:48,0
DA:49,0
DA:50,0
DA:56,0
DA:57,0
DA:58,0
DA:60,0
DA:61,0
DA:67,0
DA:68,0
DA:70,0
DA:71,0
DA:72,0
DA:74,0
DA:81,0
DA:82,0
DA:83,0
DA:84,0
DA:85,0
DA:90,0
DA:91,0
DA:97,0
DA:98,0
DA:100,0
LF:36
LH:0
end_of_record
SF:lib\shared\cards\data_card.dart
DA:9,0
DA:24,0
DA:26,0
DA:27,0
DA:29,0
DA:33,0
DA:35,0
DA:45,0
DA:46,0
DA:47,0
DA:55,0
DA:56,0
DA:57,0
DA:62,0
DA:65,0
DA:66,0
DA:67,0
DA:68,0
DA:71,0
DA:72,0
DA:74,0
DA:75,0
DA:76,0
DA:77,0
DA:80,0
LF:25
LH:0
end_of_record
SF:lib\shared\cards\error_card.dart
DA:14,12
DA:21,0
DA:23,0
DA:25,0
DA:27,0
DA:28,0
DA:29,0
DA:31,0
DA:35,0
DA:36,0
DA:37,0
DA:39,0
LF:12
LH:1
end_of_record
SF:lib\shared\cards\loading_card.dart
DA:9,16
DA:13,0
DA:15,0
DA:17,0
LF:4
LH:1
end_of_record
SF:lib\shared\cards\status_card.dart
DA:5,8
DA:14,0
DA:16,0
DA:17,0
DA:22,0
DA:24,0
DA:25,0
LF:7
LH:1
end_of_record
SF:lib\shared\content_list_view.dart
DA:9,0
DA:20,0
DA:22,0
DA:23,0
DA:24,0
DA:25,0
DA:26,0
DA:29,0
DA:33,0
DA:34,0
DA:35,0
DA:36,0
DA:40,0
DA:43,0
DA:46,0
LF:15
LH:0
end_of_record
SF:lib\shared\cupertino_content_scaffold.dart
DA:8,0
DA:21,0
DA:23,0
DA:24,0
DA:25,0
DA:26,0
DA:27,0
DA:28,0
DA:32,0
DA:33,0
DA:34,0
DA:36,0
LF:12
LH:0
end_of_record
SF:lib\shared\domain_text_field.dart
DA:9,0
DA:32,0
DA:34,0
DA:35,0
DA:36,0
DA:38,0
DA:39,0
DA:40,0
DA:41,0
DA:42,0
DA:47,0
DA:49,0
DA:50,0
DA:51,0
DA:54,0
DA:55,0
DA:57,0
DA:58,0
DA:59,0
DA:60,0
LF:20
LH:0
end_of_record
SF:lib\shared\list_text_line.dart
DA:8,8
DA:21,0
DA:24,0
DA:28,0
DA:29,0
DA:30,0
DA:32,0
DA:33,0
DA:34,0
DA:43,0
DA:45,0
LF:11
LH:1
end_of_record
SF:lib\shared\platform_widget.dart
DA:6,0
DA:15,0
DA:17,0
DA:18,0
DA:19,0
DA:20,0
DA:21,0
DA:22,0
DA:23,0
DA:24,0
DA:25,0
DA:26,0
LF:12
LH:0
end_of_record
SF:lib\shared\rounded_list.dart
DA:12,8
DA:28,0
DA:30,0
DA:31,0
DA:32,0
DA:33,0
DA:34,0
DA:35,0
DA:36,0
DA:37,0
DA:40,0
DA:44,0
DA:45,0
DA:46,0
DA:47,0
DA:48,0
DA:51,0
DA:52,0
DA:54,0
DA:60,0
DA:64,0
DA:65,0
DA:67,0
DA:68,0
DA:69,0
DA:70,0
DA:71,0
DA:72,0
DA:73,0
DA:74,0
DA:75,0
DA:76,0
DA:77,0
DA:79,0
DA:81,0
DA:85,0
DA:89,0
LF:37
LH:1
end_of_record
SF:lib\shared\small_description.dart
DA:5,16
DA:16,0
DA:18,0
DA:19,0
DA:20,0
DA:22,0
DA:24,0
DA:26,0
DA:27,0
DA:28,0
LF:10
LH:1
end_of_record
SF:lib\theme\bloc\theme_event.dart
DA:4,0
DA:6,0
DA:7,0
DA:11,0
DA:15,0
DA:16,0
DA:20,0
DA:24,0
DA:25,0
DA:29,0
DA:33,0
DA:34,0
LF:12
LH:0
end_of_record
SF:lib\theme\bloc\theme_state.dart
DA:6,4
DA:18,0
DA:19,0
DA:21,0
DA:26,0
DA:27,0
DA:28,0
DA:29,0
DA:33,0
DA:35,0
DA:37,0
DA:38,0
DA:40,0
DA:43,0
DA:47,0
DA:49,0
DA:54,0
DA:55,0
DA:56,0
DA:57,0
DA:59,0
DA:60,0
DA:62,0
DA:63,0
DA:64,0
LF:25
LH:1
end_of_record
SF:lib\theme\bloc\theme_bloc.dart
DA:17,0
DA:18,0
DA:19,0
DA:20,0
DA:23,0
DA:27,0
DA:30,0
DA:34,0
DA:36,0
DA:39,0
DA:43,0
DA:46,0
DA:48,0
DA:51,0
DA:53,0
LF:15
LH:0
end_of_record
SF:lib\theme\custom_flex_scheme.dart
DA:4,4
LF:1
LH:1
end_of_record
SF:lib\theme\flex_scheme_color_converter.dart
DA:10,4
DA:12,0
DA:14,0
DA:15,0
DA:16,0
DA:17,0
DA:18,0
DA:19,0
DA:20,0
DA:21,0
DA:22,0
DA:26,0
DA:28,0
DA:29,0
DA:30,0
DA:31,0
DA:32,0
DA:33,0
DA:34,0
DA:35,0
DA:36,0
LF:21
LH:1
end_of_record
SF:lib\theme\flex_scheme_data_converter.dart
DA:10,4
DA:12,0
DA:14,0
DA:15,0
DA:16,0
DA:18,0
DA:20,0
DA:24,0
DA:26,0
DA:27,0
DA:28,0
DA:29,0
DA:30,0
LF:13
LH:1
end_of_record
SF:lib\theme\widgets\theme_popup_menu.dart
DA:9,0
DA:20,0
DA:22,0
DA:23,0
DA:25,0
DA:27,0
DA:29,0
DA:30,0
DA:31,0
DA:33,0
DA:34,0
DA:35,0
DA:37,0
DA:38,0
DA:41,0
DA:42,0
DA:45,0
DA:49,0
DA:50,0
DA:55,0
DA:56,0
DA:58,0
DA:59,0
DA:61,0
DA:62,0
DA:64,0
DA:66,0
DA:68,0
LF:28
LH:0
end_of_record
SF:lib\utils\banner_ad_listener.dart
DA:6,0
DA:8,0
DA:10,0
DA:12,0
DA:13,0
DA:16,0
DA:18,0
DA:20,0
LF:8
LH:0
end_of_record
SF:lib\wake_on_lan\bloc\wake_on_lan_state.dart
DA:4,0
DA:10,0
LF:2
LH:0
end_of_record
SF:lib\wake_on_lan\bloc\wake_on_lan_event.dart
DA:4,0
DA:6,0
DA:7,0
DA:11,0
DA:19,0
DA:20,0
DA:21,0
DA:22,0
LF:8
LH:0
end_of_record
SF:lib\wake_on_lan\bloc\wake_on_lan_bloc.dart
DA:10,0
DA:11,0
DA:20,0
DA:24,0
DA:25,0
DA:26,0
DA:28,0
DA:31,0
DA:32,0
DA:33,0
DA:35,0
DA:38,0
DA:39,0
DA:42,0
DA:43,0
DA:46,0
DA:47,0
DA:52,0
DA:53,0
DA:54,0
DA:56,0
LF:21
LH:0
end_of_record
SF:lib\wake_on_lan\models\wol_response_model.dart
DA:8,0
LF:1
LH:0
end_of_record
SF:lib\wake_on_lan\views\wake_on_lan_view.dart
DA:19,4
DA:21,0
DA:22,0
DA:32,0
DA:33,0
DA:41,0
DA:43,0
DA:45,0
DA:46,0
DA:47,0
DA:51,0
DA:52,0
DA:56,0
DA:58,0
DA:60,0
DA:61,0
DA:64,0
DA:66,0
DA:67,0
DA:68,0
DA:72,0
DA:73,0
DA:74,0
DA:76,0
DA:77,0
DA:78,0
DA:79,0
DA:80,0
DA:81,0
DA:83,0
DA:84,0
DA:92,0
DA:96,0
DA:97,0
DA:99,0
DA:101,0
DA:102,0
DA:104,0
DA:105,0
DA:109,0
DA:113,0
DA:114,0
DA:116,0
DA:117,0
DA:118,0
DA:119,0
DA:121,0
DA:122,0
DA:123,0
DA:126,0
DA:133,0
DA:134,0
DA:135,0
DA:138,0
DA:145,0
DA:146,0
DA:147,0
DA:150,0
DA:157,0
DA:158,0
DA:159,0
DA:161,0
DA:162,0
DA:163,0
DA:164,0
DA:167,0
DA:170,0
DA:171,0
DA:172,0
DA:173,0
DA:174,0
DA:176,0
DA:178,0
DA:179,0
DA:180,0
DA:185,0
DA:186,0
DA:188,0
DA:190,0
DA:191,0
DA:192,0
DA:201,0
DA:202,0
DA:203,0
DA:206,0
DA:207,0
DA:208,0
DA:211,0
DA:215,0
DA:217,0
DA:218,0
DA:219,0
DA:222,0
DA:223,0
DA:224,0
DA:227,0
DA:238,0
DA:243,0
DA:244,0
DA:245,0
DA:246,0
DA:247,0
DA:248,0
DA:250,0
DA:251,0
DA:260,0
DA:261,0
DA:263,0
DA:266,0
DA:267,0
DA:268,0
DA:270,0
DA:272,0
DA:274,0
DA:276,0
DA:277,0
DA:279,0
DA:286,0
DA:287,0
DA:288,0
DA:291,0
DA:292,0
DA:293,0
DA:294,0
DA:295,0
DA:299,0
DA:302,0
DA:303,0
DA:304,0
DA:305,0
DA:306,0
DA:308,0
DA:309,0
LF:133
LH:1
end_of_record
SF:lib\wake_on_lan\views\wol_packet_details_view.dart
DA:12,0
DA:16,0
DA:18,0
DA:19,0
DA:20,0
DA:24,0
DA:25,0
DA:26,0
DA:29,0
DA:33,0
DA:34,0
DA:36,0
DA:40,0
DA:41,0
DA:42,0
DA:43,0
DA:44,0
DA:45,0
DA:46,0
DA:48,0
DA:50,0
DA:52,0
DA:54,0
DA:56,0
DA:62,0
DA:63,0
DA:64,0
DA:65,0
DA:66,0
DA:68,0
DA:70,0
DA:72,0
DA:76,0
DA:78,0
DA:79,0
DA:80,0
LF:36
LH:0
end_of_record
SF:lib\wake_on_lan\wol_status.dart
DA:1,4
LF:1
LH:1
end_of_record
SF:lib\wake_on_lan\widgets\hex_bytes_viewer.dart
DA:11,0
DA:20,0
DA:22,0
DA:23,0
DA:24,0
DA:25,0
DA:27,0
DA:31,0
DA:33,0
DA:34,0
DA:36,0
DA:37,0
DA:38,0
DA:39,0
DA:41,0
DA:43,0
DA:45,0
DA:46,0
DA:47,0
DA:52,0
DA:53,0
DA:54,0
DA:55,0
DA:56,0
DA:58,0
DA:63,0
DA:68,0
DA:69,0
DA:70,0
DA:71,0
DA:72,0
DA:73,0
DA:74,0
DA:78,0
DA:80,0
DA:81,0
LF:36
LH:0
end_of_record
SF:lib\whois\bloc\whois_bloc.dart
DA:15,0
DA:17,0
DA:18,0
DA:23,0
DA:27,0
DA:30,0
DA:32,0
DA:33,0
DA:34,0
LF:9
LH:0
end_of_record
SF:lib\whois\bloc\whois_state.dart
DA:4,0
DA:6,0
DA:7,0
DA:15,0
LF:4
LH:0
end_of_record
SF:lib\whois\bloc\whois_event.dart
DA:4,0
DA:6,0
DA:7,0
DA:11,0
DA:15,0
DA:16,0
LF:6
LH:0
end_of_record
SF:lib\whois\repository\whois_repository.dart
DA:5,0
DA:9,0
DA:10,0
DA:11,0
DA:14,0
LF:5
LH:0
end_of_record
SF:lib\whois\data_provider\whois_api.dart
DA:9,0
DA:14,0
DA:15,0
DA:19,0
DA:21,0
DA:23,0
DA:26,0
DA:27,0
DA:30,0
DA:31,0
DA:37,0
DA:39,0
DA:41,0
DA:44,0
LF:14
LH:0
end_of_record
SF:lib\whois\views\whois_view.dart
DA:18,4
DA:20,0
DA:21,0
DA:26,0
DA:31,0
DA:33,0
DA:35,0
DA:38,0
DA:40,0
DA:42,0
DA:45,0
DA:47,0
DA:48,0
DA:49,0
DA:53,0
DA:54,0
DA:55,0
DA:57,0
DA:58,0
DA:59,0
DA:60,0
DA:61,0
DA:62,0
DA:64,0
DA:66,0
DA:74,0
DA:78,0
DA:79,0
DA:81,0
DA:83,0
DA:84,0
DA:86,0
DA:87,0
DA:94,0
DA:98,0
DA:99,0
DA:101,0
DA:103,0
DA:104,0
DA:105,0
DA:106,0
DA:107,0
DA:108,0
DA:109,0
DA:114,0
DA:115,0
DA:116,0
DA:117,0
DA:118,0
DA:119,0
DA:120,0
DA:121,0
DA:122,0
DA:124,0
DA:133,0
DA:137,0
DA:150,0
DA:151,0
DA:152,0
DA:154,0
DA:157,0
DA:159,0
LF:62
LH:1
end_of_record
